<?xml version="1.0" encoding="UTF-8"?>
<testsuites name="jest tests" tests="9" failures="0" errors="0" time="9.717">
  <testsuite name="Navbar Component" errors="0" failures="0" skipped="0" timestamp="2024-12-20T12:10:03" time="8.879" tests="9">
    <testcase classname="Navbar Component [NAVBAR] Desktop View [NAVBAR] renders logo correctly" name="Navbar Component [NAVBAR] Desktop View [NAVBAR] renders logo correctly" time="0.325">
    </testcase>
    <testcase classname="Navbar Component [NAVBAR] Desktop View [NAVBAR] renders all navigation items in desktop view" name="Navbar Component [NAVBAR] Desktop View [NAVBAR] renders all navigation items in desktop view" time="0.036">
    </testcase>
    <testcase classname="Navbar Component [NAVBAR] Desktop View [NAVBAR] renders hostel owner button" name="Navbar Component [NAVBAR] Desktop View [NAVBAR] renders hostel owner button" time="0.035">
    </testcase>
    <testcase classname="Navbar Component [NAVBAR] Navigation Functionality [NAVBAR] navigates correctly in desktop view" name="Navbar Component [NAVBAR] Navigation Functionality [NAVBAR] navigates correctly in desktop view" time="0.115">
    </testcase>
    <testcase classname="Navbar Component [NAVBAR] Navigation Functionality [NAVBAR] navigates to hostel owner login" name="Navbar Component [NAVBAR] Navigation Functionality [NAVBAR] navigates to hostel owner login" time="0.041">
    </testcase>
    <testcase classname="ContactForm Component [CONTACT FORM] renders contact form with all input fields" name="ContactForm Component [CONTACT FORM] renders contact form with all input fields" time="0.046">
    </testcase>
    <testcase classname="ContactForm Component [CONTACT FORM] allows typing in input fields" name="ContactForm Component [CONTACT FORM] allows typing in input fields" time="0.016">
    </testcase>
    <testcase classname="ContactForm Component [CONTACT FORM] shows form submission behavior" name="ContactForm Component [CONTACT FORM] shows form submission behavior" time="0.105">
    </testcase>
    <testcase classname="ContactForm Component [CONTACT FORM] renders image with correct properties" name="ContactForm Component [CONTACT FORM] renders image with correct properties" time="0.011">
    </testcase>
  </testsuite>
</testsuites>