<?xml version="1.0" encoding="UTF-8"?>
<testsuites name="jest tests" tests="12" failures="0" errors="0" time="32.507">
  <testsuite name="Navbar Component" errors="0" failures="0" skipped="0" timestamp="2024-12-27T09:57:28" time="28.785" tests="12">
    <testcase classname="Navbar Component [NAVBAR] Desktop View [NAVBAR] renders logo correctly" name="Navbar Component [NAVBAR] Desktop View [NAVBAR] renders logo correctly" time="0.451">
    </testcase>
    <testcase classname="Navbar Component [NAVBAR] Desktop View [NAVBAR] renders all navigation items in desktop view" name="Navbar Component [NAVBAR] Desktop View [NAVBAR] renders all navigation items in desktop view" time="0.064">
    </testcase>
    <testcase classname="Navbar Component [NAVBAR] Desktop View [NAVBAR] renders hostel owner button" name="Navbar Component [NAVBAR] Desktop View [NAVBAR] renders hostel owner button" time="0.032">
    </testcase>
    <testcase classname="Navbar Component [NAVBAR] Navigation Functionality [NAVBAR] navigates correctly in desktop view" name="Navbar Component [NAVBAR] Navigation Functionality [NAVBAR] navigates correctly in desktop view" time="0.071">
    </testcase>
    <testcase classname="Navbar Component [NAVBAR] Navigation Functionality [NAVBAR] navigates to hostel owner login" name="Navbar Component [NAVBAR] Navigation Functionality [NAVBAR] navigates to hostel owner login" time="0.036">
    </testcase>
    <testcase classname="ContactForm Component [CONTACT FORM] renders contact form with all input fields" name="ContactForm Component [CONTACT FORM] renders contact form with all input fields" time="0.061">
    </testcase>
    <testcase classname="ContactForm Component [CONTACT FORM] allows typing in input fields" name="ContactForm Component [CONTACT FORM] allows typing in input fields" time="0.025">
    </testcase>
    <testcase classname="ContactForm Component [CONTACT FORM] shows form submission behavior" name="ContactForm Component [CONTACT FORM] shows form submission behavior" time="0.148">
    </testcase>
    <testcase classname="ContactForm Component [CONTACT FORM] renders image with correct properties" name="ContactForm Component [CONTACT FORM] renders image with correct properties" time="0.03">
    </testcase>
    <testcase classname="Login Component [LOGIN] should allow typing in email field" name="Login Component [LOGIN] should allow typing in email field" time="0.073">
    </testcase>
    <testcase classname="Login Component [LOGIN] should allow typing in password field" name="Login Component [LOGIN] should allow typing in password field" time="0.057">
    </testcase>
    <testcase classname="Login Component [LOGIN] should toggle between email and phone login methods" name="Login Component [LOGIN] should toggle between email and phone login methods" time="0.074">
    </testcase>
  </testsuite>
</testsuites>