<?xml version="1.0" encoding="UTF-8"?>
<testsuites name="jest tests" tests="9" failures="0" errors="0" time="41.813">
  <testsuite name="Navbar Component" errors="0" failures="0" skipped="0" timestamp="2024-12-18T10:30:07" time="32.803" tests="9">
    <testcase classname="Navbar Component [NAVBAR] Desktop View [NAVBAR] renders logo correctly" name="Navbar Component [NAVBAR] Desktop View [NAVBAR] renders logo correctly" time="0.583">
    </testcase>
    <testcase classname="Navbar Component [NAVBAR] Desktop View [NAVBAR] renders all navigation items in desktop view" name="Navbar Component [NAVBAR] Desktop View [NAVBAR] renders all navigation items in desktop view" time="0.057">
    </testcase>
    <testcase classname="Navbar Component [NAVBAR] Desktop View [NAVBAR] renders hostel owner button" name="Navbar Component [NAVBAR] Desktop View [NAVBAR] renders hostel owner button" time="0.024">
    </testcase>
    <testcase classname="Navbar Component [NAVBAR] Navigation Functionality [NAVBAR] navigates correctly in desktop view" name="Navbar Component [NAVBAR] Navigation Functionality [NAVBAR] navigates correctly in desktop view" time="0.055">
    </testcase>
    <testcase classname="Navbar Component [NAVBAR] Navigation Functionality [NAVBAR] navigates to hostel owner login" name="Navbar Component [NAVBAR] Navigation Functionality [NAVBAR] navigates to hostel owner login" time="0.024">
    </testcase>
    <testcase classname="ContactForm Component [CONTACT FORM] renders contact form with all input fields" name="ContactForm Component [CONTACT FORM] renders contact form with all input fields" time="0.051">
    </testcase>
    <testcase classname="ContactForm Component [CONTACT FORM] allows typing in input fields" name="ContactForm Component [CONTACT FORM] allows typing in input fields" time="0.022">
    </testcase>
    <testcase classname="ContactForm Component [CONTACT FORM] shows form submission behavior" name="ContactForm Component [CONTACT FORM] shows form submission behavior" time="0.118">
    </testcase>
    <testcase classname="ContactForm Component [CONTACT FORM] renders image with correct properties" name="ContactForm Component [CONTACT FORM] renders image with correct properties" time="0.019">
    </testcase>
  </testsuite>
</testsuites>