<?xml version="1.0" encoding="UTF-8"?>
<testsuites name="jest tests" tests="9" failures="0" errors="0" time="5.258">
  <testsuite name="Navbar Component" errors="0" failures="0" skipped="0" timestamp="2024-12-19T07:18:52" time="4.278" tests="9">
    <testcase classname="Navbar Component [NAVBAR] Desktop View [NAVBAR] renders logo correctly" name="Navbar Component [NAVBAR] Desktop View [NAVBAR] renders logo correctly" time="0.329">
    </testcase>
    <testcase classname="Navbar Component [NAVBAR] Desktop View [NAVBAR] renders all navigation items in desktop view" name="Navbar Component [NAVBAR] Desktop View [NAVBAR] renders all navigation items in desktop view" time="0.04">
    </testcase>
    <testcase classname="Navbar Component [NAVBAR] Desktop View [NAVBAR] renders hostel owner button" name="Navbar Component [NAVBAR] Desktop View [NAVBAR] renders hostel owner button" time="0.022">
    </testcase>
    <testcase classname="Navbar Component [NAVBAR] Navigation Functionality [NAVBAR] navigates correctly in desktop view" name="Navbar Component [NAVBAR] Navigation Functionality [NAVBAR] navigates correctly in desktop view" time="0.047">
    </testcase>
    <testcase classname="Navbar Component [NAVBAR] Navigation Functionality [NAVBAR] navigates to hostel owner login" name="Navbar Component [NAVBAR] Navigation Functionality [NAVBAR] navigates to hostel owner login" time="0.032">
    </testcase>
    <testcase classname="ContactForm Component [CONTACT FORM] renders contact form with all input fields" name="ContactForm Component [CONTACT FORM] renders contact form with all input fields" time="0.046">
    </testcase>
    <testcase classname="ContactForm Component [CONTACT FORM] allows typing in input fields" name="ContactForm Component [CONTACT FORM] allows typing in input fields" time="0.021">
    </testcase>
    <testcase classname="ContactForm Component [CONTACT FORM] shows form submission behavior" name="ContactForm Component [CONTACT FORM] shows form submission behavior" time="0.114">
    </testcase>
    <testcase classname="ContactForm Component [CONTACT FORM] renders image with correct properties" name="ContactForm Component [CONTACT FORM] renders image with correct properties" time="0.016">
    </testcase>
  </testsuite>
</testsuites>